2024-10-17 14:31:43,416:WARNING:
'cuml' is a soft dependency and not included in the pycaret installation. Please run: `pip install cuml` to install.
2024-10-17 14:31:43,416:WARNING:
'cuml' is a soft dependency and not included in the pycaret installation. Please run: `pip install cuml` to install.
2024-10-17 14:31:43,416:WARNING:
'cuml' is a soft dependency and not included in the pycaret installation. Please run: `pip install cuml` to install.
2024-10-17 14:31:43,416:WARNING:
'cuml' is a soft dependency and not included in the pycaret installation. Please run: `pip install cuml` to install.
2024-10-17 14:31:44,735:INFO:Initializing load_model()
2024-10-17 14:31:44,736:INFO:load_model(model_name=welcome_survey_clustering_pipeline_v1, platform=None, authentication=None, verbose=True)
2024-10-17 14:31:44,849:WARNING:C:\Users\piotr\miniconda3\envs\od_zera_do_ai_2\Lib\site-packages\pycaret\internal\pipeline.py:146: UserWarning: Version mismatch:
current: {'deps_info': {'pip': '24.2', 'setuptools': '75.1.0', 'pycaret': '3.3.1', 'IPython': '8.27.0', 'ipywidgets': '7.8.1', 'tqdm': '4.66.5', 'numpy': '1.25.2', 'pandas': '2.0.3', 'jinja2': '3.1.4', 'scipy': '1.11.4', 'joblib': '1.2.0', 'sklearn': '1.4.2', 'pyod': '2.0.2', 'imblearn': '0.12.3', 'category_encoders': '2.6.3', 'lightgbm': '4.5.0', 'numba': '0.60.0', 'requests': '2.32.3', 'matplotlib': '3.7.3', 'scikitplot': '0.3.7', 'yellowbrick': '1.5', 'plotly': '5.24.1', 'plotly-resampler': 'Not installed', 'kaleido': '0.2.1', 'schemdraw': '0.15', 'statsmodels': '0.14.2', 'sktime': '0.26.0', 'tbats': '1.1.3', 'pmdarima': '2.0.4', 'psutil': '5.9.0', 'markupsafe': '2.1.3', 'pickle5': 'Not installed', 'cloudpickle': '3.0.0', 'deprecation': '2.1.0', 'xxhash': '2.0.2', 'wurlitzer': '3.1.1'}, 'python': {'version': '3.11.10', 'machine': 'AMD64'}}
pickle: {'deps_info': {'pip': '24.0', 'setuptools': '70.3.0', 'pycaret': '3.3.1', 'IPython': '8.26.0', 'ipywidgets': '8.1.3', 'tqdm': '4.66.5', 'numpy': '1.26.4', 'pandas': '1.5.3', 'jinja2': '3.1.4', 'scipy': '1.11.4', 'joblib': '1.3.2', 'sklearn': '1.4.2', 'pyod': '2.0.1', 'imblearn': '0.12.3', 'category_encoders': '2.6.3', 'lightgbm': '4.5.0', 'numba': '0.60.0', 'requests': '2.32.3', 'matplotlib': '3.8.4', 'scikitplot': '0.3.7', 'yellowbrick': '1.5', 'plotly': '5.23.0', 'plotly-resampler': 'Not installed', 'kaleido': '0.2.1', 'schemdraw': '0.15', 'statsmodels': '0.14.2', 'sktime': '0.26.0', 'tbats': '1.1.3', 'pmdarima': '2.0.4', 'psutil': '6.0.0', 'markupsafe': '2.1.5', 'pickle5': 'Not installed', 'cloudpickle': '3.0.0', 'deprecation': '2.1.0', 'xxhash': '3.4.1', 'wurlitzer': '3.1.1'}, 'python': {'version': '3.11.9', 'machine': 'arm64'}}
  warnings.warn(

2024-10-17 14:31:44,898:INFO:Initializing predict_model()
2024-10-17 14:31:44,898:INFO:predict_model(self=<pycaret.clustering.oop.ClusteringExperiment object at 0x000001DAA1767D90>, estimator=Pipeline(memory=Memory(location=None),
         steps=[('numerical_imputer',
                 TransformerWrapper(include=[], transformer=SimpleImputer())),
                ('categorical_imputer',
                 TransformerWrapper(include=['age', 'edu_level', 'fav_animals',
                                             'fav_place', 'gender'],
                                    transformer=SimpleImputer(strategy='most_frequent'))),
                ('ordinal_encoding',
                 TransformerWrapper(include=['gender'],
                                    transfo...
                                                               mapping=[{'col': 'gender',
                                                                         'data_type': dtype('O'),
                                                                         'mapping': Kobieta      0
Mê¿czyzna    1
NaN         -1
dtype: int64}]))),
                ('onehot_encoding',
                 TransformerWrapper(include=['age', 'edu_level', 'fav_animals',
                                             'fav_place'],
                                    transformer=OneHotEncoder(cols=['age',
                                                                    'edu_level',
                                                                    'fav_animals',
                                                                    'fav_place'],
                                                              handle_missing='return_nan',
                                                              use_cat_names=True))),
                ('trained_model', KMeans(random_state=123))]), ml_usecase=None)
2024-10-17 14:31:44,898:INFO:Set up data.
2024-10-17 14:31:53,902:INFO:Initializing predict_model()
2024-10-17 14:31:53,902:INFO:predict_model(self=<pycaret.clustering.oop.ClusteringExperiment object at 0x000001DA9A20DF90>, estimator=Pipeline(memory=Memory(location=None),
         steps=[('numerical_imputer',
                 TransformerWrapper(include=[], transformer=SimpleImputer())),
                ('categorical_imputer',
                 TransformerWrapper(include=['age', 'edu_level', 'fav_animals',
                                             'fav_place', 'gender'],
                                    transformer=SimpleImputer(strategy='most_frequent'))),
                ('ordinal_encoding',
                 TransformerWrapper(include=['gender'],
                                    transfo...
                                                               mapping=[{'col': 'gender',
                                                                         'data_type': dtype('O'),
                                                                         'mapping': Kobieta      0
Mê¿czyzna    1
NaN         -1
dtype: int64}]))),
                ('onehot_encoding',
                 TransformerWrapper(include=['age', 'edu_level', 'fav_animals',
                                             'fav_place'],
                                    transformer=OneHotEncoder(cols=['age',
                                                                    'edu_level',
                                                                    'fav_animals',
                                                                    'fav_place'],
                                                              handle_missing='return_nan',
                                                              use_cat_names=True))),
                ('trained_model', KMeans(random_state=123))]), ml_usecase=None)
2024-10-17 14:31:53,902:INFO:Set up data.
2024-10-17 14:31:57,626:INFO:Initializing predict_model()
2024-10-17 14:31:57,626:INFO:predict_model(self=<pycaret.clustering.oop.ClusteringExperiment object at 0x000001DA9A213D10>, estimator=Pipeline(memory=Memory(location=None),
         steps=[('numerical_imputer',
                 TransformerWrapper(include=[], transformer=SimpleImputer())),
                ('categorical_imputer',
                 TransformerWrapper(include=['age', 'edu_level', 'fav_animals',
                                             'fav_place', 'gender'],
                                    transformer=SimpleImputer(strategy='most_frequent'))),
                ('ordinal_encoding',
                 TransformerWrapper(include=['gender'],
                                    transfo...
                                                               mapping=[{'col': 'gender',
                                                                         'data_type': dtype('O'),
                                                                         'mapping': Kobieta      0
Mê¿czyzna    1
NaN         -1
dtype: int64}]))),
                ('onehot_encoding',
                 TransformerWrapper(include=['age', 'edu_level', 'fav_animals',
                                             'fav_place'],
                                    transformer=OneHotEncoder(cols=['age',
                                                                    'edu_level',
                                                                    'fav_animals',
                                                                    'fav_place'],
                                                              handle_missing='return_nan',
                                                              use_cat_names=True))),
                ('trained_model', KMeans(random_state=123))]), ml_usecase=None)
2024-10-17 14:31:57,627:INFO:Set up data.
2024-10-17 14:32:01,706:INFO:Initializing predict_model()
2024-10-17 14:32:01,707:INFO:predict_model(self=<pycaret.clustering.oop.ClusteringExperiment object at 0x000001DA97414150>, estimator=Pipeline(memory=Memory(location=None),
         steps=[('numerical_imputer',
                 TransformerWrapper(include=[], transformer=SimpleImputer())),
                ('categorical_imputer',
                 TransformerWrapper(include=['age', 'edu_level', 'fav_animals',
                                             'fav_place', 'gender'],
                                    transformer=SimpleImputer(strategy='most_frequent'))),
                ('ordinal_encoding',
                 TransformerWrapper(include=['gender'],
                                    transfo...
                                                               mapping=[{'col': 'gender',
                                                                         'data_type': dtype('O'),
                                                                         'mapping': Kobieta      0
Mê¿czyzna    1
NaN         -1
dtype: int64}]))),
                ('onehot_encoding',
                 TransformerWrapper(include=['age', 'edu_level', 'fav_animals',
                                             'fav_place'],
                                    transformer=OneHotEncoder(cols=['age',
                                                                    'edu_level',
                                                                    'fav_animals',
                                                                    'fav_place'],
                                                              handle_missing='return_nan',
                                                              use_cat_names=True))),
                ('trained_model', KMeans(random_state=123))]), ml_usecase=None)
2024-10-17 14:32:01,707:INFO:Set up data.
2024-10-17 14:32:03,671:INFO:Initializing predict_model()
2024-10-17 14:32:03,671:INFO:predict_model(self=<pycaret.clustering.oop.ClusteringExperiment object at 0x000001DAA1878690>, estimator=Pipeline(memory=Memory(location=None),
         steps=[('numerical_imputer',
                 TransformerWrapper(include=[], transformer=SimpleImputer())),
                ('categorical_imputer',
                 TransformerWrapper(include=['age', 'edu_level', 'fav_animals',
                                             'fav_place', 'gender'],
                                    transformer=SimpleImputer(strategy='most_frequent'))),
                ('ordinal_encoding',
                 TransformerWrapper(include=['gender'],
                                    transfo...
                                                               mapping=[{'col': 'gender',
                                                                         'data_type': dtype('O'),
                                                                         'mapping': Kobieta      0
Mê¿czyzna    1
NaN         -1
dtype: int64}]))),
                ('onehot_encoding',
                 TransformerWrapper(include=['age', 'edu_level', 'fav_animals',
                                             'fav_place'],
                                    transformer=OneHotEncoder(cols=['age',
                                                                    'edu_level',
                                                                    'fav_animals',
                                                                    'fav_place'],
                                                              handle_missing='return_nan',
                                                              use_cat_names=True))),
                ('trained_model', KMeans(random_state=123))]), ml_usecase=None)
2024-10-17 14:32:03,671:INFO:Set up data.
2024-10-17 14:32:04,896:INFO:Initializing predict_model()
2024-10-17 14:32:04,896:INFO:predict_model(self=<pycaret.clustering.oop.ClusteringExperiment object at 0x000001DAA17ABC50>, estimator=Pipeline(memory=Memory(location=None),
         steps=[('numerical_imputer',
                 TransformerWrapper(include=[], transformer=SimpleImputer())),
                ('categorical_imputer',
                 TransformerWrapper(include=['age', 'edu_level', 'fav_animals',
                                             'fav_place', 'gender'],
                                    transformer=SimpleImputer(strategy='most_frequent'))),
                ('ordinal_encoding',
                 TransformerWrapper(include=['gender'],
                                    transfo...
                                                               mapping=[{'col': 'gender',
                                                                         'data_type': dtype('O'),
                                                                         'mapping': Kobieta      0
Mê¿czyzna    1
NaN         -1
dtype: int64}]))),
                ('onehot_encoding',
                 TransformerWrapper(include=['age', 'edu_level', 'fav_animals',
                                             'fav_place'],
                                    transformer=OneHotEncoder(cols=['age',
                                                                    'edu_level',
                                                                    'fav_animals',
                                                                    'fav_place'],
                                                              handle_missing='return_nan',
                                                              use_cat_names=True))),
                ('trained_model', KMeans(random_state=123))]), ml_usecase=None)
2024-10-17 14:32:04,896:INFO:Set up data.
2024-10-17 14:32:05,597:INFO:Initializing predict_model()
2024-10-17 14:32:05,597:INFO:predict_model(self=<pycaret.clustering.oop.ClusteringExperiment object at 0x000001DAA1986790>, estimator=Pipeline(memory=Memory(location=None),
         steps=[('numerical_imputer',
                 TransformerWrapper(include=[], transformer=SimpleImputer())),
                ('categorical_imputer',
                 TransformerWrapper(include=['age', 'edu_level', 'fav_animals',
                                             'fav_place', 'gender'],
                                    transformer=SimpleImputer(strategy='most_frequent'))),
                ('ordinal_encoding',
                 TransformerWrapper(include=['gender'],
                                    transfo...
                                                               mapping=[{'col': 'gender',
                                                                         'data_type': dtype('O'),
                                                                         'mapping': Kobieta      0
Mê¿czyzna    1
NaN         -1
dtype: int64}]))),
                ('onehot_encoding',
                 TransformerWrapper(include=['age', 'edu_level', 'fav_animals',
                                             'fav_place'],
                                    transformer=OneHotEncoder(cols=['age',
                                                                    'edu_level',
                                                                    'fav_animals',
                                                                    'fav_place'],
                                                              handle_missing='return_nan',
                                                              use_cat_names=True))),
                ('trained_model', KMeans(random_state=123))]), ml_usecase=None)
2024-10-17 14:32:05,597:INFO:Set up data.
2024-10-17 14:32:08,870:INFO:Initializing predict_model()
2024-10-17 14:32:08,870:INFO:predict_model(self=<pycaret.clustering.oop.ClusteringExperiment object at 0x000001DA9A5ED350>, estimator=Pipeline(memory=Memory(location=None),
         steps=[('numerical_imputer',
                 TransformerWrapper(include=[], transformer=SimpleImputer())),
                ('categorical_imputer',
                 TransformerWrapper(include=['age', 'edu_level', 'fav_animals',
                                             'fav_place', 'gender'],
                                    transformer=SimpleImputer(strategy='most_frequent'))),
                ('ordinal_encoding',
                 TransformerWrapper(include=['gender'],
                                    transfo...
                                                               mapping=[{'col': 'gender',
                                                                         'data_type': dtype('O'),
                                                                         'mapping': Kobieta      0
Mê¿czyzna    1
NaN         -1
dtype: int64}]))),
                ('onehot_encoding',
                 TransformerWrapper(include=['age', 'edu_level', 'fav_animals',
                                             'fav_place'],
                                    transformer=OneHotEncoder(cols=['age',
                                                                    'edu_level',
                                                                    'fav_animals',
                                                                    'fav_place'],
                                                              handle_missing='return_nan',
                                                              use_cat_names=True))),
                ('trained_model', KMeans(random_state=123))]), ml_usecase=None)
2024-10-17 14:32:08,871:INFO:Set up data.
2024-10-17 14:32:16,221:INFO:Initializing predict_model()
2024-10-17 14:32:16,221:INFO:predict_model(self=<pycaret.clustering.oop.ClusteringExperiment object at 0x000001DA988B3D10>, estimator=Pipeline(memory=Memory(location=None),
         steps=[('numerical_imputer',
                 TransformerWrapper(include=[], transformer=SimpleImputer())),
                ('categorical_imputer',
                 TransformerWrapper(include=['age', 'edu_level', 'fav_animals',
                                             'fav_place', 'gender'],
                                    transformer=SimpleImputer(strategy='most_frequent'))),
                ('ordinal_encoding',
                 TransformerWrapper(include=['gender'],
                                    transfo...
                                                               mapping=[{'col': 'gender',
                                                                         'data_type': dtype('O'),
                                                                         'mapping': Kobieta      0
Mê¿czyzna    1
NaN         -1
dtype: int64}]))),
                ('onehot_encoding',
                 TransformerWrapper(include=['age', 'edu_level', 'fav_animals',
                                             'fav_place'],
                                    transformer=OneHotEncoder(cols=['age',
                                                                    'edu_level',
                                                                    'fav_animals',
                                                                    'fav_place'],
                                                              handle_missing='return_nan',
                                                              use_cat_names=True))),
                ('trained_model', KMeans(random_state=123))]), ml_usecase=None)
2024-10-17 14:32:16,221:INFO:Set up data.
2024-10-17 14:32:18,912:INFO:Initializing predict_model()
2024-10-17 14:32:18,912:INFO:predict_model(self=<pycaret.clustering.oop.ClusteringExperiment object at 0x000001DAA18C75D0>, estimator=Pipeline(memory=Memory(location=None),
         steps=[('numerical_imputer',
                 TransformerWrapper(include=[], transformer=SimpleImputer())),
                ('categorical_imputer',
                 TransformerWrapper(include=['age', 'edu_level', 'fav_animals',
                                             'fav_place', 'gender'],
                                    transformer=SimpleImputer(strategy='most_frequent'))),
                ('ordinal_encoding',
                 TransformerWrapper(include=['gender'],
                                    transfo...
                                                               mapping=[{'col': 'gender',
                                                                         'data_type': dtype('O'),
                                                                         'mapping': Kobieta      0
Mê¿czyzna    1
NaN         -1
dtype: int64}]))),
                ('onehot_encoding',
                 TransformerWrapper(include=['age', 'edu_level', 'fav_animals',
                                             'fav_place'],
                                    transformer=OneHotEncoder(cols=['age',
                                                                    'edu_level',
                                                                    'fav_animals',
                                                                    'fav_place'],
                                                              handle_missing='return_nan',
                                                              use_cat_names=True))),
                ('trained_model', KMeans(random_state=123))]), ml_usecase=None)
2024-10-17 14:32:18,912:INFO:Set up data.
2024-10-17 14:32:21,702:INFO:Initializing predict_model()
2024-10-17 14:32:21,703:INFO:predict_model(self=<pycaret.clustering.oop.ClusteringExperiment object at 0x000001DAA18E75D0>, estimator=Pipeline(memory=Memory(location=None),
         steps=[('numerical_imputer',
                 TransformerWrapper(include=[], transformer=SimpleImputer())),
                ('categorical_imputer',
                 TransformerWrapper(include=['age', 'edu_level', 'fav_animals',
                                             'fav_place', 'gender'],
                                    transformer=SimpleImputer(strategy='most_frequent'))),
                ('ordinal_encoding',
                 TransformerWrapper(include=['gender'],
                                    transfo...
                                                               mapping=[{'col': 'gender',
                                                                         'data_type': dtype('O'),
                                                                         'mapping': Kobieta      0
Mê¿czyzna    1
NaN         -1
dtype: int64}]))),
                ('onehot_encoding',
                 TransformerWrapper(include=['age', 'edu_level', 'fav_animals',
                                             'fav_place'],
                                    transformer=OneHotEncoder(cols=['age',
                                                                    'edu_level',
                                                                    'fav_animals',
                                                                    'fav_place'],
                                                              handle_missing='return_nan',
                                                              use_cat_names=True))),
                ('trained_model', KMeans(random_state=123))]), ml_usecase=None)
2024-10-17 14:32:21,703:INFO:Set up data.
2024-10-17 14:32:26,907:INFO:Initializing predict_model()
2024-10-17 14:32:26,907:INFO:predict_model(self=<pycaret.clustering.oop.ClusteringExperiment object at 0x000001DAA19D2590>, estimator=Pipeline(memory=Memory(location=None),
         steps=[('numerical_imputer',
                 TransformerWrapper(include=[], transformer=SimpleImputer())),
                ('categorical_imputer',
                 TransformerWrapper(include=['age', 'edu_level', 'fav_animals',
                                             'fav_place', 'gender'],
                                    transformer=SimpleImputer(strategy='most_frequent'))),
                ('ordinal_encoding',
                 TransformerWrapper(include=['gender'],
                                    transfo...
                                                               mapping=[{'col': 'gender',
                                                                         'data_type': dtype('O'),
                                                                         'mapping': Kobieta      0
Mê¿czyzna    1
NaN         -1
dtype: int64}]))),
                ('onehot_encoding',
                 TransformerWrapper(include=['age', 'edu_level', 'fav_animals',
                                             'fav_place'],
                                    transformer=OneHotEncoder(cols=['age',
                                                                    'edu_level',
                                                                    'fav_animals',
                                                                    'fav_place'],
                                                              handle_missing='return_nan',
                                                              use_cat_names=True))),
                ('trained_model', KMeans(random_state=123))]), ml_usecase=None)
2024-10-17 14:32:26,907:INFO:Set up data.
2024-10-17 14:34:12,508:INFO:Initializing predict_model()
2024-10-17 14:34:12,508:INFO:predict_model(self=<pycaret.clustering.oop.ClusteringExperiment object at 0x000001DAA1A0B390>, estimator=Pipeline(memory=Memory(location=None),
         steps=[('numerical_imputer',
                 TransformerWrapper(include=[], transformer=SimpleImputer())),
                ('categorical_imputer',
                 TransformerWrapper(include=['age', 'edu_level', 'fav_animals',
                                             'fav_place', 'gender'],
                                    transformer=SimpleImputer(strategy='most_frequent'))),
                ('ordinal_encoding',
                 TransformerWrapper(include=['gender'],
                                    transfo...
                                                               mapping=[{'col': 'gender',
                                                                         'data_type': dtype('O'),
                                                                         'mapping': Kobieta      0
Mê¿czyzna    1
NaN         -1
dtype: int64}]))),
                ('onehot_encoding',
                 TransformerWrapper(include=['age', 'edu_level', 'fav_animals',
                                             'fav_place'],
                                    transformer=OneHotEncoder(cols=['age',
                                                                    'edu_level',
                                                                    'fav_animals',
                                                                    'fav_place'],
                                                              handle_missing='return_nan',
                                                              use_cat_names=True))),
                ('trained_model', KMeans(random_state=123))]), ml_usecase=None)
2024-10-17 14:34:12,508:INFO:Set up data.
2024-10-17 14:35:26,548:INFO:Initializing predict_model()
2024-10-17 14:35:26,549:INFO:predict_model(self=<pycaret.clustering.oop.ClusteringExperiment object at 0x000001DAA17AA610>, estimator=Pipeline(memory=Memory(location=None),
         steps=[('numerical_imputer',
                 TransformerWrapper(include=[], transformer=SimpleImputer())),
                ('categorical_imputer',
                 TransformerWrapper(include=['age', 'edu_level', 'fav_animals',
                                             'fav_place', 'gender'],
                                    transformer=SimpleImputer(strategy='most_frequent'))),
                ('ordinal_encoding',
                 TransformerWrapper(include=['gender'],
                                    transfo...
                                                               mapping=[{'col': 'gender',
                                                                         'data_type': dtype('O'),
                                                                         'mapping': Kobieta      0
Mê¿czyzna    1
NaN         -1
dtype: int64}]))),
                ('onehot_encoding',
                 TransformerWrapper(include=['age', 'edu_level', 'fav_animals',
                                             'fav_place'],
                                    transformer=OneHotEncoder(cols=['age',
                                                                    'edu_level',
                                                                    'fav_animals',
                                                                    'fav_place'],
                                                              handle_missing='return_nan',
                                                              use_cat_names=True))),
                ('trained_model', KMeans(random_state=123))]), ml_usecase=None)
2024-10-17 14:35:26,549:INFO:Set up data.
2024-10-17 14:35:26,616:INFO:Initializing predict_model()
2024-10-17 14:35:26,617:INFO:predict_model(self=<pycaret.clustering.oop.ClusteringExperiment object at 0x000001DAA14840D0>, estimator=Pipeline(memory=Memory(location=None),
         steps=[('numerical_imputer',
                 TransformerWrapper(include=[], transformer=SimpleImputer())),
                ('categorical_imputer',
                 TransformerWrapper(include=['age', 'edu_level', 'fav_animals',
                                             'fav_place', 'gender'],
                                    transformer=SimpleImputer(strategy='most_frequent'))),
                ('ordinal_encoding',
                 TransformerWrapper(include=['gender'],
                                    transfo...
                                                               mapping=[{'col': 'gender',
                                                                         'data_type': dtype('O'),
                                                                         'mapping': Kobieta      0
Mê¿czyzna    1
NaN         -1
dtype: int64}]))),
                ('onehot_encoding',
                 TransformerWrapper(include=['age', 'edu_level', 'fav_animals',
                                             'fav_place'],
                                    transformer=OneHotEncoder(cols=['age',
                                                                    'edu_level',
                                                                    'fav_animals',
                                                                    'fav_place'],
                                                              handle_missing='return_nan',
                                                              use_cat_names=True))),
                ('trained_model', KMeans(random_state=123))]), ml_usecase=None)
2024-10-17 14:35:26,617:INFO:Set up data.
2024-10-17 14:36:32,708:INFO:Initializing predict_model()
2024-10-17 14:36:32,708:INFO:predict_model(self=<pycaret.clustering.oop.ClusteringExperiment object at 0x000001DAA18E5610>, estimator=Pipeline(memory=Memory(location=None),
         steps=[('numerical_imputer',
                 TransformerWrapper(include=[], transformer=SimpleImputer())),
                ('categorical_imputer',
                 TransformerWrapper(include=['age', 'edu_level', 'fav_animals',
                                             'fav_place', 'gender'],
                                    transformer=SimpleImputer(strategy='most_frequent'))),
                ('ordinal_encoding',
                 TransformerWrapper(include=['gender'],
                                    transfo...
                                                               mapping=[{'col': 'gender',
                                                                         'data_type': dtype('O'),
                                                                         'mapping': Kobieta      0
Mê¿czyzna    1
NaN         -1
dtype: int64}]))),
                ('onehot_encoding',
                 TransformerWrapper(include=['age', 'edu_level', 'fav_animals',
                                             'fav_place'],
                                    transformer=OneHotEncoder(cols=['age',
                                                                    'edu_level',
                                                                    'fav_animals',
                                                                    'fav_place'],
                                                              handle_missing='return_nan',
                                                              use_cat_names=True))),
                ('trained_model', KMeans(random_state=123))]), ml_usecase=None)
2024-10-17 14:36:32,708:INFO:Set up data.
2024-10-17 15:12:35,211:WARNING:
'cuml' is a soft dependency and not included in the pycaret installation. Please run: `pip install cuml` to install.
2024-10-17 15:12:35,211:WARNING:
'cuml' is a soft dependency and not included in the pycaret installation. Please run: `pip install cuml` to install.
2024-10-17 15:12:35,212:WARNING:
'cuml' is a soft dependency and not included in the pycaret installation. Please run: `pip install cuml` to install.
2024-10-17 15:12:35,212:WARNING:
'cuml' is a soft dependency and not included in the pycaret installation. Please run: `pip install cuml` to install.
2024-10-17 15:12:37,491:INFO:Initializing load_model()
2024-10-17 15:12:37,491:INFO:load_model(model_name=welcome_survey_clustering_pipeline_v1, platform=None, authentication=None, verbose=True)
2024-10-17 15:12:37,608:WARNING:C:\Users\piotr\miniconda3\envs\od_zera_do_ai_2\Lib\site-packages\pycaret\internal\pipeline.py:146: UserWarning: Version mismatch:
current: {'deps_info': {'pip': '24.2', 'setuptools': '75.1.0', 'pycaret': '3.3.1', 'IPython': '8.27.0', 'ipywidgets': '7.8.1', 'tqdm': '4.66.5', 'numpy': '1.25.2', 'pandas': '2.0.3', 'jinja2': '3.1.4', 'scipy': '1.11.4', 'joblib': '1.2.0', 'sklearn': '1.4.2', 'pyod': '2.0.2', 'imblearn': '0.12.3', 'category_encoders': '2.6.3', 'lightgbm': '4.5.0', 'numba': '0.60.0', 'requests': '2.32.3', 'matplotlib': '3.7.3', 'scikitplot': '0.3.7', 'yellowbrick': '1.5', 'plotly': '5.24.1', 'plotly-resampler': 'Not installed', 'kaleido': '0.2.1', 'schemdraw': '0.15', 'statsmodels': '0.14.2', 'sktime': '0.26.0', 'tbats': '1.1.3', 'pmdarima': '2.0.4', 'psutil': '5.9.0', 'markupsafe': '2.1.3', 'pickle5': 'Not installed', 'cloudpickle': '3.0.0', 'deprecation': '2.1.0', 'xxhash': '2.0.2', 'wurlitzer': '3.1.1'}, 'python': {'version': '3.11.10', 'machine': 'AMD64'}}
pickle: {'deps_info': {'pip': '24.0', 'setuptools': '70.3.0', 'pycaret': '3.3.1', 'IPython': '8.26.0', 'ipywidgets': '8.1.3', 'tqdm': '4.66.5', 'numpy': '1.26.4', 'pandas': '1.5.3', 'jinja2': '3.1.4', 'scipy': '1.11.4', 'joblib': '1.3.2', 'sklearn': '1.4.2', 'pyod': '2.0.1', 'imblearn': '0.12.3', 'category_encoders': '2.6.3', 'lightgbm': '4.5.0', 'numba': '0.60.0', 'requests': '2.32.3', 'matplotlib': '3.8.4', 'scikitplot': '0.3.7', 'yellowbrick': '1.5', 'plotly': '5.23.0', 'plotly-resampler': 'Not installed', 'kaleido': '0.2.1', 'schemdraw': '0.15', 'statsmodels': '0.14.2', 'sktime': '0.26.0', 'tbats': '1.1.3', 'pmdarima': '2.0.4', 'psutil': '6.0.0', 'markupsafe': '2.1.5', 'pickle5': 'Not installed', 'cloudpickle': '3.0.0', 'deprecation': '2.1.0', 'xxhash': '3.4.1', 'wurlitzer': '3.1.1'}, 'python': {'version': '3.11.9', 'machine': 'arm64'}}
  warnings.warn(

2024-10-17 15:12:37,659:INFO:Initializing predict_model()
2024-10-17 15:12:37,660:INFO:predict_model(self=<pycaret.clustering.oop.ClusteringExperiment object at 0x000001B5B3332650>, estimator=Pipeline(memory=Memory(location=None),
         steps=[('numerical_imputer',
                 TransformerWrapper(include=[], transformer=SimpleImputer())),
                ('categorical_imputer',
                 TransformerWrapper(include=['age', 'edu_level', 'fav_animals',
                                             'fav_place', 'gender'],
                                    transformer=SimpleImputer(strategy='most_frequent'))),
                ('ordinal_encoding',
                 TransformerWrapper(include=['gender'],
                                    transfo...
                                                               mapping=[{'col': 'gender',
                                                                         'data_type': dtype('O'),
                                                                         'mapping': Kobieta      0
Mê¿czyzna    1
NaN         -1
dtype: int64}]))),
                ('onehot_encoding',
                 TransformerWrapper(include=['age', 'edu_level', 'fav_animals',
                                             'fav_place'],
                                    transformer=OneHotEncoder(cols=['age',
                                                                    'edu_level',
                                                                    'fav_animals',
                                                                    'fav_place'],
                                                              handle_missing='return_nan',
                                                              use_cat_names=True))),
                ('trained_model', KMeans(random_state=123))]), ml_usecase=None)
2024-10-17 15:12:37,660:INFO:Set up data.
2024-10-17 15:12:37,910:INFO:Initializing predict_model()
2024-10-17 15:12:37,910:INFO:predict_model(self=<pycaret.clustering.oop.ClusteringExperiment object at 0x000001B5AA39BA90>, estimator=Pipeline(memory=Memory(location=None),
         steps=[('numerical_imputer',
                 TransformerWrapper(include=[], transformer=SimpleImputer())),
                ('categorical_imputer',
                 TransformerWrapper(include=['age', 'edu_level', 'fav_animals',
                                             'fav_place', 'gender'],
                                    transformer=SimpleImputer(strategy='most_frequent'))),
                ('ordinal_encoding',
                 TransformerWrapper(include=['gender'],
                                    transfo...
                                                               mapping=[{'col': 'gender',
                                                                         'data_type': dtype('O'),
                                                                         'mapping': Kobieta      0
Mê¿czyzna    1
NaN         -1
dtype: int64}]))),
                ('onehot_encoding',
                 TransformerWrapper(include=['age', 'edu_level', 'fav_animals',
                                             'fav_place'],
                                    transformer=OneHotEncoder(cols=['age',
                                                                    'edu_level',
                                                                    'fav_animals',
                                                                    'fav_place'],
                                                              handle_missing='return_nan',
                                                              use_cat_names=True))),
                ('trained_model', KMeans(random_state=123))]), ml_usecase=None)
2024-10-17 15:12:37,910:INFO:Set up data.
2024-10-17 15:16:10,587:INFO:Initializing predict_model()
2024-10-17 15:16:10,587:INFO:predict_model(self=<pycaret.clustering.oop.ClusteringExperiment object at 0x000001B5AFAF73D0>, estimator=Pipeline(memory=Memory(location=None),
         steps=[('numerical_imputer',
                 TransformerWrapper(include=[], transformer=SimpleImputer())),
                ('categorical_imputer',
                 TransformerWrapper(include=['age', 'edu_level', 'fav_animals',
                                             'fav_place', 'gender'],
                                    transformer=SimpleImputer(strategy='most_frequent'))),
                ('ordinal_encoding',
                 TransformerWrapper(include=['gender'],
                                    transfo...
                                                               mapping=[{'col': 'gender',
                                                                         'data_type': dtype('O'),
                                                                         'mapping': Kobieta      0
Mê¿czyzna    1
NaN         -1
dtype: int64}]))),
                ('onehot_encoding',
                 TransformerWrapper(include=['age', 'edu_level', 'fav_animals',
                                             'fav_place'],
                                    transformer=OneHotEncoder(cols=['age',
                                                                    'edu_level',
                                                                    'fav_animals',
                                                                    'fav_place'],
                                                              handle_missing='return_nan',
                                                              use_cat_names=True))),
                ('trained_model', KMeans(random_state=123))]), ml_usecase=None)
2024-10-17 15:16:10,587:INFO:Set up data.
2024-10-17 15:27:34,423:INFO:Initializing predict_model()
2024-10-17 15:27:34,423:INFO:predict_model(self=<pycaret.clustering.oop.ClusteringExperiment object at 0x000001B5B41C3E90>, estimator=Pipeline(memory=Memory(location=None),
         steps=[('numerical_imputer',
                 TransformerWrapper(include=[], transformer=SimpleImputer())),
                ('categorical_imputer',
                 TransformerWrapper(include=['age', 'edu_level', 'fav_animals',
                                             'fav_place', 'gender'],
                                    transformer=SimpleImputer(strategy='most_frequent'))),
                ('ordinal_encoding',
                 TransformerWrapper(include=['gender'],
                                    transfo...
                                                               mapping=[{'col': 'gender',
                                                                         'data_type': dtype('O'),
                                                                         'mapping': Kobieta      0
Mê¿czyzna    1
NaN         -1
dtype: int64}]))),
                ('onehot_encoding',
                 TransformerWrapper(include=['age', 'edu_level', 'fav_animals',
                                             'fav_place'],
                                    transformer=OneHotEncoder(cols=['age',
                                                                    'edu_level',
                                                                    'fav_animals',
                                                                    'fav_place'],
                                                              handle_missing='return_nan',
                                                              use_cat_names=True))),
                ('trained_model', KMeans(random_state=123))]), ml_usecase=None)
2024-10-17 15:27:34,423:INFO:Set up data.
2024-10-17 15:27:34,481:INFO:Initializing predict_model()
2024-10-17 15:27:34,482:INFO:predict_model(self=<pycaret.clustering.oop.ClusteringExperiment object at 0x000001B5B3327550>, estimator=Pipeline(memory=Memory(location=None),
         steps=[('numerical_imputer',
                 TransformerWrapper(include=[], transformer=SimpleImputer())),
                ('categorical_imputer',
                 TransformerWrapper(include=['age', 'edu_level', 'fav_animals',
                                             'fav_place', 'gender'],
                                    transformer=SimpleImputer(strategy='most_frequent'))),
                ('ordinal_encoding',
                 TransformerWrapper(include=['gender'],
                                    transfo...
                                                               mapping=[{'col': 'gender',
                                                                         'data_type': dtype('O'),
                                                                         'mapping': Kobieta      0
Mê¿czyzna    1
NaN         -1
dtype: int64}]))),
                ('onehot_encoding',
                 TransformerWrapper(include=['age', 'edu_level', 'fav_animals',
                                             'fav_place'],
                                    transformer=OneHotEncoder(cols=['age',
                                                                    'edu_level',
                                                                    'fav_animals',
                                                                    'fav_place'],
                                                              handle_missing='return_nan',
                                                              use_cat_names=True))),
                ('trained_model', KMeans(random_state=123))]), ml_usecase=None)
2024-10-17 15:27:34,482:INFO:Set up data.
2024-10-18 09:54:55,259:WARNING:
'cuml' is a soft dependency and not included in the pycaret installation. Please run: `pip install cuml` to install.
2024-10-18 09:54:55,259:WARNING:
'cuml' is a soft dependency and not included in the pycaret installation. Please run: `pip install cuml` to install.
2024-10-18 09:54:55,259:WARNING:
'cuml' is a soft dependency and not included in the pycaret installation. Please run: `pip install cuml` to install.
2024-10-18 09:54:55,259:WARNING:
'cuml' is a soft dependency and not included in the pycaret installation. Please run: `pip install cuml` to install.
2024-10-18 09:59:11,003:WARNING:
'cuml' is a soft dependency and not included in the pycaret installation. Please run: `pip install cuml` to install.
2024-10-18 09:59:11,004:WARNING:
'cuml' is a soft dependency and not included in the pycaret installation. Please run: `pip install cuml` to install.
2024-10-18 09:59:11,004:WARNING:
'cuml' is a soft dependency and not included in the pycaret installation. Please run: `pip install cuml` to install.
2024-10-18 09:59:11,004:WARNING:
'cuml' is a soft dependency and not included in the pycaret installation. Please run: `pip install cuml` to install.
2024-10-18 10:01:05,044:INFO:PyCaret ClusteringExperiment
2024-10-18 10:01:05,045:INFO:Logging name: cluster-default-name
2024-10-18 10:01:05,045:INFO:ML Usecase: MLUsecase.CLUSTERING
2024-10-18 10:01:05,045:INFO:version 3.3.1
2024-10-18 10:01:05,045:INFO:Initializing setup()
2024-10-18 10:01:05,045:INFO:self.USI: 1de8
2024-10-18 10:01:05,045:INFO:self._variable_keys: {'exp_id', 'pipeline', 'memory', 'USI', 'gpu_n_jobs_param', 'log_plots_param', 'idx', 'X', '_ml_usecase', 'gpu_param', 'logging_param', 'n_jobs_param', 'seed', 'exp_name_log', 'data', 'html_param', '_available_plots'}
2024-10-18 10:01:05,046:INFO:Checking environment
2024-10-18 10:01:05,046:INFO:python_version: 3.11.10
2024-10-18 10:01:05,046:INFO:python_build: ('main', 'Oct  3 2024 07:22:26')
2024-10-18 10:01:05,046:INFO:machine: AMD64
2024-10-18 10:01:05,046:INFO:platform: Windows-10-10.0.22631-SP0
2024-10-18 10:01:05,047:INFO:Memory: svmem(total=16893726720, available=4967305216, percent=70.6, used=11926421504, free=4967305216)
2024-10-18 10:01:05,047:INFO:Physical Core: 4
2024-10-18 10:01:05,047:INFO:Logical Core: 8
2024-10-18 10:01:05,047:INFO:Checking libraries
2024-10-18 10:01:05,047:INFO:System:
2024-10-18 10:01:05,047:INFO:    python: 3.11.10 | packaged by Anaconda, Inc. | (main, Oct  3 2024, 07:22:26) [MSC v.1929 64 bit (AMD64)]
2024-10-18 10:01:05,048:INFO:executable: c:\Users\piotr\miniconda3\envs\od_zera_do_ai_2\python.exe
2024-10-18 10:01:05,048:INFO:   machine: Windows-10-10.0.22631-SP0
2024-10-18 10:01:05,048:INFO:PyCaret required dependencies:
2024-10-18 10:01:05,155:INFO:                 pip: 24.2
2024-10-18 10:01:05,155:INFO:          setuptools: 75.1.0
2024-10-18 10:01:05,155:INFO:             pycaret: 3.3.1
2024-10-18 10:01:05,155:INFO:             IPython: 8.27.0
2024-10-18 10:01:05,155:INFO:          ipywidgets: 7.8.1
2024-10-18 10:01:05,155:INFO:                tqdm: 4.66.5
2024-10-18 10:01:05,155:INFO:               numpy: 1.25.2
2024-10-18 10:01:05,155:INFO:              pandas: 2.0.3
2024-10-18 10:01:05,155:INFO:              jinja2: 3.1.4
2024-10-18 10:01:05,156:INFO:               scipy: 1.11.4
2024-10-18 10:01:05,156:INFO:              joblib: 1.2.0
2024-10-18 10:01:05,156:INFO:             sklearn: 1.4.2
2024-10-18 10:01:05,156:INFO:                pyod: 2.0.2
2024-10-18 10:01:05,156:INFO:            imblearn: 0.12.3
2024-10-18 10:01:05,156:INFO:   category_encoders: 2.6.3
2024-10-18 10:01:05,156:INFO:            lightgbm: 4.5.0
2024-10-18 10:01:05,156:INFO:               numba: 0.60.0
2024-10-18 10:01:05,156:INFO:            requests: 2.32.3
2024-10-18 10:01:05,157:INFO:          matplotlib: 3.7.3
2024-10-18 10:01:05,157:INFO:          scikitplot: 0.3.7
2024-10-18 10:01:05,157:INFO:         yellowbrick: 1.5
2024-10-18 10:01:05,157:INFO:              plotly: 5.24.1
2024-10-18 10:01:05,157:INFO:    plotly-resampler: Not installed
2024-10-18 10:01:05,157:INFO:             kaleido: 0.2.1
2024-10-18 10:01:05,157:INFO:           schemdraw: 0.15
2024-10-18 10:01:05,157:INFO:         statsmodels: 0.14.2
2024-10-18 10:01:05,157:INFO:              sktime: 0.26.0
2024-10-18 10:01:05,157:INFO:               tbats: 1.1.3
2024-10-18 10:01:05,157:INFO:            pmdarima: 2.0.4
2024-10-18 10:01:05,157:INFO:              psutil: 5.9.0
2024-10-18 10:01:05,157:INFO:          markupsafe: 2.1.3
2024-10-18 10:01:05,158:INFO:             pickle5: Not installed
2024-10-18 10:01:05,158:INFO:         cloudpickle: 3.0.0
2024-10-18 10:01:05,158:INFO:         deprecation: 2.1.0
2024-10-18 10:01:05,158:INFO:              xxhash: 2.0.2
2024-10-18 10:01:05,158:INFO:           wurlitzer: 3.1.1
2024-10-18 10:01:05,158:INFO:PyCaret optional dependencies:
2024-10-18 10:01:05,182:INFO:                shap: Not installed
2024-10-18 10:01:05,182:INFO:           interpret: Not installed
2024-10-18 10:01:05,182:INFO:                umap: Not installed
2024-10-18 10:01:05,182:INFO:     ydata_profiling: 0.0.dev0
2024-10-18 10:01:05,182:INFO:  explainerdashboard: Not installed
2024-10-18 10:01:05,182:INFO:             autoviz: Not installed
2024-10-18 10:01:05,182:INFO:           fairlearn: Not installed
2024-10-18 10:01:05,182:INFO:          deepchecks: Not installed
2024-10-18 10:01:05,182:INFO:             xgboost: Not installed
2024-10-18 10:01:05,182:INFO:            catboost: Not installed
2024-10-18 10:01:05,182:INFO:              kmodes: Not installed
2024-10-18 10:01:05,182:INFO:             mlxtend: Not installed
2024-10-18 10:01:05,182:INFO:       statsforecast: Not installed
2024-10-18 10:01:05,182:INFO:        tune_sklearn: Not installed
2024-10-18 10:01:05,182:INFO:                 ray: Not installed
2024-10-18 10:01:05,184:INFO:            hyperopt: Not installed
2024-10-18 10:01:05,184:INFO:              optuna: Not installed
2024-10-18 10:01:05,184:INFO:               skopt: Not installed
2024-10-18 10:01:05,184:INFO:              mlflow: Not installed
2024-10-18 10:01:05,184:INFO:              gradio: Not installed
2024-10-18 10:01:05,184:INFO:             fastapi: Not installed
2024-10-18 10:01:05,184:INFO:             uvicorn: Not installed
2024-10-18 10:01:05,184:INFO:              m2cgen: Not installed
2024-10-18 10:01:05,184:INFO:           evidently: Not installed
2024-10-18 10:01:05,184:INFO:               fugue: Not installed
2024-10-18 10:01:05,184:INFO:           streamlit: 1.39.0
2024-10-18 10:01:05,184:INFO:             prophet: Not installed
2024-10-18 10:01:05,184:INFO:None
2024-10-18 10:01:05,184:INFO:Set up data.
2024-10-18 10:01:05,187:INFO:Set up index.
2024-10-18 10:01:05,188:INFO:Assigning column types.
2024-10-18 10:01:05,190:INFO:Engine successfully changes for model 'kmeans' to 'sklearn'.
2024-10-18 10:01:05,190:INFO:Engine for model 'dbscan' has not been set explicitly, hence returning None.
2024-10-18 10:01:05,191:WARNING:
'kmodes' is a soft dependency and not included in the pycaret installation. Please run: `pip install kmodes` to install.
Alternately, you can install this by running `pip install pycaret[models]`
2024-10-18 10:01:05,191:INFO:Engine for model 'dbscan' has not been set explicitly, hence returning None.
2024-10-18 10:01:05,191:WARNING:
'kmodes' is a soft dependency and not included in the pycaret installation. Please run: `pip install kmodes` to install.
Alternately, you can install this by running `pip install pycaret[models]`
2024-10-18 10:01:05,191:INFO:Engine successfully changes for model 'dbscan' to 'sklearn'.
2024-10-18 10:01:05,191:WARNING:
'kmodes' is a soft dependency and not included in the pycaret installation. Please run: `pip install kmodes` to install.
Alternately, you can install this by running `pip install pycaret[models]`
2024-10-18 10:01:05,192:WARNING:
'kmodes' is a soft dependency and not included in the pycaret installation. Please run: `pip install kmodes` to install.
Alternately, you can install this by running `pip install pycaret[models]`
2024-10-18 10:01:05,195:INFO:Preparing preprocessing pipeline...
2024-10-18 10:01:05,195:INFO:Set up simple imputation.
2024-10-18 10:01:05,199:INFO:Set up encoding of ordinal features.
2024-10-18 10:01:05,200:INFO:Set up encoding of categorical features.
2024-10-18 10:01:05,312:INFO:Finished creating preprocessing pipeline.
2024-10-18 10:01:05,336:INFO:Pipeline: Pipeline(memory=FastMemory(location=C:\Users\piotr\AppData\Local\Temp\joblib),
         steps=[('numerical_imputer',
                 TransformerWrapper(include=[], transformer=SimpleImputer())),
                ('categorical_imputer',
                 TransformerWrapper(include=['age', 'edu_level', 'fav_animals',
                                             'fav_place', 'gender'],
                                    transformer=SimpleImputer(strategy='most_frequent'))),
                ('ordinal_encoding',
                 Trans...
                                    transformer=OrdinalEncoder(cols=['gender'],
                                                               handle_missing='return_nan',
                                                               mapping=[{'col': 'gender',
                                                                         'data_type': dtype('O'),
                                                                         'mapping': Kobieta      0
MÄÅ¼czyzna    1
NaN         -1
dtype: int64}]))),
                ('onehot_encoding',
                 TransformerWrapper(include=['age', 'edu_level', 'fav_animals',
                                             'fav_place'],
                                    transformer=OneHotEncoder(cols=['age',
                                                                    'edu_level',
                                                                    'fav_animals',
                                                                    'fav_place'],
                                                              handle_missing='return_nan',
                                                              use_cat_names=True)))])
2024-10-18 10:01:05,336:INFO:Creating final display dataframe.
2024-10-18 10:01:05,405:INFO:Setup _display_container:                  Description                 Value
0                 Session id                   123
1        Original data shape              (229, 5)
2     Transformed data shape             (229, 21)
3       Categorical features                     5
4   Rows with missing values                 13.1%
5                 Preprocess                  True
6            Imputation type                simple
7         Numeric imputation                  mean
8     Categorical imputation                  mode
9   Maximum one-hot encoding                    -1
10           Encoding method                  None
11                  CPU Jobs                    -1
12                   Use GPU                 False
13            Log Experiment                 False
14           Experiment Name  cluster-default-name
15                       USI                  1de8
2024-10-18 10:01:05,414:WARNING:
'kmodes' is a soft dependency and not included in the pycaret installation. Please run: `pip install kmodes` to install.
Alternately, you can install this by running `pip install pycaret[models]`
2024-10-18 10:01:05,415:WARNING:
'kmodes' is a soft dependency and not included in the pycaret installation. Please run: `pip install kmodes` to install.
Alternately, you can install this by running `pip install pycaret[models]`
2024-10-18 10:01:05,416:INFO:setup() successfully completed in 0.37s...............
